f:\test\cppworkplace\childwin\childwin\debug\childwin.pch
f:\test\cppworkplace\childwin\childwin\debug\vc141.pdb
f:\test\cppworkplace\childwin\childwin\debug\vc141.idb
f:\test\cppworkplace\childwin\childwin\debug\stdafx.obj
f:\test\cppworkplace\childwin\childwin\debug\childwin.obj
f:\test\cppworkplace\childwin\debug\childwin.exe
f:\test\cppworkplace\childwin\debug\childwin.ilk
f:\test\cppworkplace\childwin\debug\childwin.pdb
f:\test\cppworkplace\childwin\childwin\debug\childwin.res
f:\test\cppworkplace\cppstudyplace\cppstudyplace\childwin\childwin\debug\childwin.obj
f:\test\cppworkplace\cppstudyplace\cppstudyplace\childwin\childwin\debug\stdafx.obj
f:\test\cppworkplace\cppstudyplace\cppstudyplace\childwin\childwin\debug\childwin.obj.enc
f:\test\cppworkplace\cppstudyplace\cppstudyplace\childwin\childwin\debug\childwin.res
f:\test\cppworkplace\cppstudyplace\cppstudyplace\childwin\childwin\debug\childwin.pch
f:\test\cppworkplace\cppstudyplace\cppstudyplace\childwin\childwin\debug\vc141.idb
f:\test\cppworkplace\cppstudyplace\cppstudyplace\childwin\childwin\debug\vc141.pdb
f:\test\cppworkplace\cppstudyplace\cppstudyplace\childwin\debug\childwin.pdb
f:\test\cppworkplace\cppstudyplace\cppstudyplace\childwin\debug\childwin.exe
f:\test\cppworkplace\cppstudyplace\cppstudyplace\childwin\debug\childwin.ilk
f:\test\cppworkplace\cppstudyplace\cppstudyplace\childwin\childwin\debug\childwin.tlog\cl.command.1.tlog
f:\test\cppworkplace\cppstudyplace\cppstudyplace\childwin\childwin\debug\childwin.tlog\cl.read.1.tlog
f:\test\cppworkplace\cppstudyplace\cppstudyplace\childwin\childwin\debug\childwin.tlog\cl.write.1.tlog
f:\test\cppworkplace\cppstudyplace\cppstudyplace\childwin\childwin\debug\childwin.tlog\link.command.1.tlog
f:\test\cppworkplace\cppstudyplace\cppstudyplace\childwin\childwin\debug\childwin.tlog\link.read.1.tlog
f:\test\cppworkplace\cppstudyplace\cppstudyplace\childwin\childwin\debug\childwin.tlog\link.write.1.tlog
f:\test\cppworkplace\cppstudyplace\cppstudyplace\childwin\childwin\debug\childwin.tlog\rc.command.1.tlog
f:\test\cppworkplace\cppstudyplace\cppstudyplace\childwin\childwin\debug\childwin.tlog\rc.read.1.tlog
f:\test\cppworkplace\cppstudyplace\cppstudyplace\childwin\childwin\debug\childwin.tlog\rc.write.1.tlog
